
SQL*Loader: Release 21.0.0.0.0 - Production on Sun Jun 4 21:10:00 2023
Version 21.3.0.0.0

Copyright (c) 1982, 2021, Oracle and/or its affiliates.  All rights reserved.

Control File:   C:\Users\Karolek\Desktop\211B_Cioæ-Karol_Szemraj-Filip\01-baza\CTL\ulica.ctl
Data File:      CSV\ulica.csv
  Bad File:     BAD\ulica.bad
  Discard File: DSC\ulica.dsc 
 (Allow all discards)

Number to load: ALL
Number to skip: 0
Errors allowed: 50
Bind array:     250 rows, maximum of 1048576 bytes
Continuation:    none specified
Path used:      Conventional

Table ULICA, loaded from every logical record.
Insert option in effect for this table: APPEND
TRAILING NULLCOLS option in effect

   Column Name                  Position   Len  Term Encl Datatype
------------------------------ ---------- ----- ---- ---- ---------------------
MIASTA_ID_MIASTA                    FIRST     *   ,       CHARACTER            
ID_ULICA                             NEXT     *   ,       CHARACTER            
NAZWA                                NEXT     *   ,       CHARACTER            


Table ULICA:
  100 Rows successfully loaded.
  0 Rows not loaded due to data errors.
  0 Rows not loaded because all WHEN clauses were failed.
  0 Rows not loaded because all fields were null.


Space allocated for bind array:                 193500 bytes(250 rows)
Read   buffer bytes: 1048576

Total logical records skipped:          0
Total logical records read:           100
Total logical records rejected:         0
Total logical records discarded:        0

Run began on Sun Jun 04 21:10:00 2023
Run ended on Sun Jun 04 21:10:00 2023

Elapsed time was:     00:00:00.17
CPU time was:         00:00:00.09
